# JRE version: Java(TM) SE Runtime Environment (17.0.12+8) (build 17.0.12+8-LTS-286)
# Java VM: Java HotSpot(TM) 64-Bit Server VM (17.0.12+8-LTS-286, mixed mode, sharing, tiered, compressed oops, compressed class ptrs, g1 gc, windows-amd64)
GC Precious Log:
 CPUs: 12 total, 12 available
 Memory: 7860M
 Large Page Support: Disabled
 NUMA Support: Disabled
 Compressed Oops: Enabled (32-bit)
 Heap Region Size: 1M
 Heap Min Capacity: 8M
 Heap Initial Capacity: 124M
 Heap Max Capacity: 2G
 Pre-touch: Disabled
 Parallel Workers: 10
 Concurrent Workers: 3
 Concurrent Refinement Workers: 10
 Periodic GC: Disabled
Heap:
 garbage-first heap   total 140288K, used 97243K [0x0000000080000000, 0x0000000100000000)
  region size 1024K, 4 young (4096K), 4 survivors (4096K)
 Metaspace       used 77733K, committed 78528K, reserved 557056K
  class space    used 10863K, committed 11264K, reserved 425984K
GC Heap History (20 events):
Event: 31.276 GC heap after
{Heap after GC invocations=34 (full 0):
 garbage-first heap   total 114688K, used 70044K [0x0000000080000000, 0x0000000100000000)
  region size 1024K, 1 young (1024K), 1 survivors (1024K)
 Metaspace       used 68791K, committed 69504K, reserved 491520K
  class space    used 9604K, committed 9920K, reserved 425984K
}
Event: 33.453 GC heap before
{Heap before GC invocations=34 (full 0):
 garbage-first heap   total 114688K, used 91548K [0x0000000080000000, 0x0000000100000000)
  region size 1024K, 22 young (22528K), 1 survivors (1024K)
 Metaspace       used 70553K, committed 71232K, reserved 491520K
  class space    used 9860K, committed 10176K, reserved 425984K
}
Event: 33.458 GC heap after
{Heap after GC invocations=35 (full 0):
 garbage-first heap   total 114688K, used 70609K [0x0000000080000000, 0x0000000100000000)
  region size 1024K, 2 young (2048K), 2 survivors (2048K)
 Metaspace       used 70553K, committed 71232K, reserved 491520K
  class space    used 9860K, committed 10176K, reserved 425984K
}
Event: 42.220 GC heap before
{Heap before GC invocations=36 (full 0):
 garbage-first heap   total 122880K, used 92113K [0x0000000080000000, 0x0000000100000000)
  region size 1024K, 23 young (23552K), 2 survivors (2048K)
 Metaspace       used 72145K, committed 72896K, reserved 491520K
  class space    used 10075K, committed 10432K, reserved 425984K
}
Event: 42.291 GC heap after
{Heap after GC invocations=37 (full 0):
 garbage-first heap   total 122880K, used 72514K [0x0000000080000000, 0x0000000100000000)
  region size 1024K, 3 young (3072K), 3 survivors (3072K)
 Metaspace       used 72145K, committed 72896K, reserved 491520K
  class space    used 10075K, committed 10432K, reserved 425984K
}
Event: 42.517 GC heap before
{Heap before GC invocations=37 (full 0):
 garbage-first heap   total 122880K, used 75586K [0x0000000080000000, 0x0000000100000000)
  region size 1024K, 6 young (6144K), 3 survivors (3072K)
 Metaspace       used 72223K, committed 72960K, reserved 491520K
  class space    used 10084K, committed 10432K, reserved 425984K
}
Event: 42.524 GC heap after
{Heap after GC invocations=38 (full 0):
 garbage-first heap   total 122880K, used 72180K [0x0000000080000000, 0x0000000100000000)
  region size 1024K, 1 young (1024K), 1 survivors (1024K)
 Metaspace       used 72223K, committed 72960K, reserved 491520K
  class space    used 10084K, committed 10432K, reserved 425984K
}
Event: 45.198 GC heap before
{Heap before GC invocations=38 (full 0):
 garbage-first heap   total 122880K, used 100852K [0x0000000080000000, 0x0000000100000000)
  region size 1024K, 29 young (29696K), 1 survivors (1024K)
 Metaspace       used 74297K, committed 75008K, reserved 491520K
  class space    used 10476K, committed 10816K, reserved 425984K
}
Event: 45.210 GC heap after
{Heap after GC invocations=39 (full 0):
 garbage-first heap   total 122880K, used 75424K [0x0000000080000000, 0x0000000100000000)
  region size 1024K, 4 young (4096K), 4 survivors (4096K)
 Metaspace       used 74297K, committed 75008K, reserved 491520K
  class space    used 10476K, committed 10816K, reserved 425984K
}
Event: 47.531 GC heap before
{Heap before GC invocations=40 (full 0):
 garbage-first heap   total 132096K, used 101024K [0x0000000080000000, 0x0000000100000000)
  region size 1024K, 28 young (28672K), 4 survivors (4096K)
 Metaspace       used 75605K, committed 76416K, reserved 491520K
  class space    used 10665K, committed 11072K, reserved 425984K
}
Event: 47.548 GC heap after
{Heap after GC invocations=41 (full 0):
 garbage-first heap   total 132096K, used 79214K [0x0000000080000000, 0x0000000100000000)
  region size 1024K, 4 young (4096K), 4 survivors (4096K)
 Metaspace       used 75605K, committed 76416K, reserved 491520K
  class space    used 10665K, committed 11072K, reserved 425984K
}
Event: 47.553 GC heap before
{Heap before GC invocations=41 (full 0):
 garbage-first heap   total 132096K, used 81262K [0x0000000080000000, 0x0000000100000000)
  region size 1024K, 6 young (6144K), 4 survivors (4096K)
 Metaspace       used 75605K, committed 76416K, reserved 491520K
  class space    used 10665K, committed 11072K, reserved 425984K
}
Event: 47.566 GC heap after
{Heap after GC invocations=42 (full 0):
 garbage-first heap   total 132096K, used 78800K [0x0000000080000000, 0x0000000100000000)
  region size 1024K, 1 young (1024K), 1 survivors (1024K)
 Metaspace       used 75605K, committed 76416K, reserved 491520K
  class space    used 10665K, committed 11072K, reserved 425984K
}
Event: 56.969 GC heap before
{Heap before GC invocations=42 (full 0):
 garbage-first heap   total 132096K, used 106448K [0x0000000080000000, 0x0000000100000000)
  region size 1024K, 29 young (29696K), 1 survivors (1024K)
 Metaspace       used 76213K, committed 76992K, reserved 557056K
  class space    used 10686K, committed 11072K, reserved 425984K
}
Event: 56.987 GC heap after
{Heap after GC invocations=43 (full 0):
 garbage-first heap   total 132096K, used 82479K [0x0000000080000000, 0x0000000100000000)
  region size 1024K, 4 young (4096K), 4 survivors (4096K)
 Metaspace       used 76213K, committed 76992K, reserved 557056K
  class space    used 10686K, committed 11072K, reserved 425984K
}
Event: 58.559 GC heap before
{Heap before GC invocations=44 (full 0):
 garbage-first heap   total 140288K, used 107055K [0x0000000080000000, 0x0000000100000000)
  region size 1024K, 29 young (29696K), 4 survivors (4096K)
 Metaspace       used 76420K, committed 77184K, reserved 557056K
  class space    used 10690K, committed 11072K, reserved 425984K
}
Event: 58.573 GC heap after
{Heap after GC invocations=45 (full 0):
 garbage-first heap   total 140288K, used 85589K [0x0000000080000000, 0x0000000100000000)
  region size 1024K, 4 young (4096K), 4 survivors (4096K)
 Metaspace       used 76420K, committed 77184K, reserved 557056K
  class space    used 10690K, committed 11072K, reserved 425984K
}
Event: 58.760 GC heap before
{Heap before GC invocations=45 (full 0):
 garbage-first heap   total 140288K, used 87637K [0x0000000080000000, 0x0000000100000000)
  region size 1024K, 6 young (6144K), 4 survivors (4096K)
 Metaspace       used 76429K, committed 77248K, reserved 557056K
  class space    used 10691K, committed 11072K, reserved 425984K
}
Event: 58.805 GC heap after
{Heap after GC invocations=46 (full 0):
 garbage-first heap   total 140288K, used 85023K [0x0000000080000000, 0x0000000100000000)
  region size 1024K, 1 young (1024K), 1 survivors (1024K)
 Metaspace       used 76429K, committed 77248K, reserved 557056K
  class space    used 10691K, committed 11072K, reserved 425984K
}
Event: 63.120 GC heap before
{Heap before GC invocations=46 (full 0):
 garbage-first heap   total 140288K, used 120863K [0x0000000080000000, 0x0000000100000000)
  region size 1024K, 30 young (30720K), 1 survivors (1024K)
 Metaspace       used 77733K, committed 78528K, reserved 557056K
  class space    used 10863K, committed 11264K, reserved 425984K
}

