# JRE version: Java(TM) SE Runtime Environment (17.0.12+8) (build 17.0.12+8-LTS-286)
# Java VM: Java HotSpot(TM) 64-Bit Server VM (17.0.12+8-LTS-286, mixed mode, sharing, tiered, compressed oops, compressed class ptrs, g1 gc, windows-amd64)
GC Precious Log:
 CPUs: 12 total, 12 available
 Memory: 7860M
 Large Page Support: Disabled
 NUMA Support: Disabled
 Compressed Oops: Enabled (32-bit)
 Heap Region Size: 1M
 Heap Min Capacity: 8M
 Heap Initial Capacity: 124M
 Heap Max Capacity: 2G
 Pre-touch: Disabled
 Parallel Workers: 10
 Concurrent Workers: 3
 Concurrent Refinement Workers: 10
 Periodic GC: Disabled
Heap:
 garbage-first heap   total 137216K, used 95079K [0x0000000080000000, 0x0000000100000000)
  region size 1024K, 4 young (4096K), 4 survivors (4096K)
 Metaspace       used 70419K, committed 71296K, reserved 491520K
  class space    used 9981K, committed 10368K, reserved 425984K
GC Heap History (20 events):
Event: 43.640 GC heap after
{Heap after GC invocations=33 (full 0):
 garbage-first heap   total 111616K, used 66560K [0x0000000080000000, 0x0000000100000000)
  region size 1024K, 1 young (1024K), 1 survivors (1024K)
 Metaspace       used 62127K, committed 62848K, reserved 491520K
  class space    used 8801K, committed 9152K, reserved 425984K
}
Event: 45.428 GC heap before
{Heap before GC invocations=33 (full 0):
 garbage-first heap   total 111616K, used 90112K [0x0000000080000000, 0x0000000100000000)
  region size 1024K, 25 young (25600K), 1 survivors (1024K)
 Metaspace       used 63793K, committed 64512K, reserved 491520K
  class space    used 9040K, committed 9408K, reserved 425984K
}
Event: 45.433 GC heap after
{Heap after GC invocations=34 (full 0):
 garbage-first heap   total 111616K, used 68852K [0x0000000080000000, 0x0000000100000000)
  region size 1024K, 4 young (4096K), 4 survivors (4096K)
 Metaspace       used 63793K, committed 64512K, reserved 491520K
  class space    used 9040K, committed 9408K, reserved 425984K
}
Event: 46.818 GC heap before
{Heap before GC invocations=35 (full 0):
 garbage-first heap   total 119808K, used 90356K [0x0000000080000000, 0x0000000100000000)
  region size 1024K, 25 young (25600K), 4 survivors (4096K)
 Metaspace       used 65398K, committed 66112K, reserved 491520K
  class space    used 9256K, committed 9600K, reserved 425984K
}
Event: 46.824 GC heap after
{Heap after GC invocations=36 (full 0):
 garbage-first heap   total 119808K, used 70494K [0x0000000080000000, 0x0000000100000000)
  region size 1024K, 2 young (2048K), 2 survivors (2048K)
 Metaspace       used 65398K, committed 66112K, reserved 491520K
  class space    used 9256K, committed 9600K, reserved 425984K
}
Event: 56.314 GC heap before
{Heap before GC invocations=36 (full 0):
 garbage-first heap   total 119808K, used 72542K [0x0000000080000000, 0x0000000100000000)
  region size 1024K, 5 young (5120K), 2 survivors (2048K)
 Metaspace       used 65695K, committed 66432K, reserved 491520K
  class space    used 9301K, committed 9664K, reserved 425984K
}
Event: 56.327 GC heap after
{Heap after GC invocations=37 (full 0):
 garbage-first heap   total 119808K, used 70340K [0x0000000080000000, 0x0000000100000000)
  region size 1024K, 1 young (1024K), 1 survivors (1024K)
 Metaspace       used 65695K, committed 66432K, reserved 491520K
  class space    used 9301K, committed 9664K, reserved 425984K
}
Event: 59.884 GC heap before
{Heap before GC invocations=37 (full 0):
 garbage-first heap   total 119808K, used 95940K [0x0000000080000000, 0x0000000100000000)
  region size 1024K, 27 young (27648K), 1 survivors (1024K)
 Metaspace       used 67748K, committed 68480K, reserved 491520K
  class space    used 9686K, committed 10048K, reserved 425984K
}
Event: 59.892 GC heap after
{Heap after GC invocations=38 (full 0):
 garbage-first heap   total 119808K, used 73147K [0x0000000080000000, 0x0000000100000000)
  region size 1024K, 4 young (4096K), 4 survivors (4096K)
 Metaspace       used 67748K, committed 68480K, reserved 491520K
  class space    used 9686K, committed 10048K, reserved 425984K
}
Event: 62.422 GC heap before
{Heap before GC invocations=39 (full 0):
 garbage-first heap   total 126976K, used 96699K [0x0000000080000000, 0x0000000100000000)
  region size 1024K, 27 young (27648K), 4 survivors (4096K)
 Metaspace       used 68898K, committed 69632K, reserved 491520K
  class space    used 9842K, committed 10176K, reserved 425984K
}
Event: 62.464 GC heap after
{Heap after GC invocations=40 (full 0):
 garbage-first heap   total 126976K, used 76380K [0x0000000080000000, 0x0000000100000000)
  region size 1024K, 4 young (4096K), 4 survivors (4096K)
 Metaspace       used 68898K, committed 69632K, reserved 491520K
  class space    used 9842K, committed 10176K, reserved 425984K
}
Event: 62.671 GC heap before
{Heap before GC invocations=40 (full 0):
 garbage-first heap   total 126976K, used 78428K [0x0000000080000000, 0x0000000100000000)
  region size 1024K, 6 young (6144K), 4 survivors (4096K)
 Metaspace       used 68987K, committed 69696K, reserved 491520K
  class space    used 9856K, committed 10176K, reserved 425984K
}
Event: 62.689 GC heap after
{Heap after GC invocations=41 (full 0):
 garbage-first heap   total 126976K, used 76800K [0x0000000080000000, 0x0000000100000000)
  region size 1024K, 1 young (1024K), 1 survivors (1024K)
 Metaspace       used 68987K, committed 69696K, reserved 491520K
  class space    used 9856K, committed 10176K, reserved 425984K
}
Event: 64.135 GC heap before
{Heap before GC invocations=41 (full 0):
 garbage-first heap   total 126976K, used 103424K [0x0000000080000000, 0x0000000100000000)
  region size 1024K, 27 young (27648K), 1 survivors (1024K)
 Metaspace       used 69646K, committed 70400K, reserved 491520K
  class space    used 9901K, committed 10304K, reserved 425984K
}
Event: 64.147 GC heap after
{Heap after GC invocations=42 (full 0):
 garbage-first heap   total 126976K, used 80516K [0x0000000080000000, 0x0000000100000000)
  region size 1024K, 4 young (4096K), 4 survivors (4096K)
 Metaspace       used 69646K, committed 70400K, reserved 491520K
  class space    used 9901K, committed 10304K, reserved 425984K
}
Event: 64.994 GC heap before
{Heap before GC invocations=43 (full 0):
 garbage-first heap   total 137216K, used 102020K [0x0000000080000000, 0x0000000100000000)
  region size 1024K, 26 young (26624K), 4 survivors (4096K)
 Metaspace       used 69814K, committed 70592K, reserved 491520K
  class space    used 9902K, committed 10304K, reserved 425984K
}
Event: 65.004 GC heap after
{Heap after GC invocations=44 (full 0):
 garbage-first heap   total 137216K, used 83641K [0x0000000080000000, 0x0000000100000000)
  region size 1024K, 4 young (4096K), 4 survivors (4096K)
 Metaspace       used 69814K, committed 70592K, reserved 491520K
  class space    used 9902K, committed 10304K, reserved 425984K
}
Event: 65.080 GC heap before
{Heap before GC invocations=44 (full 0):
 garbage-first heap   total 137216K, used 85689K [0x0000000080000000, 0x0000000100000000)
  region size 1024K, 6 young (6144K), 4 survivors (4096K)
 Metaspace       used 69822K, committed 70656K, reserved 491520K
  class space    used 9902K, committed 10304K, reserved 425984K
}
Event: 65.106 GC heap after
{Heap after GC invocations=45 (full 0):
 garbage-first heap   total 137216K, used 83061K [0x0000000080000000, 0x0000000100000000)
  region size 1024K, 1 young (1024K), 1 survivors (1024K)
 Metaspace       used 69822K, committed 70656K, reserved 491520K
  class space    used 9902K, committed 10304K, reserved 425984K
}
Event: 68.392 GC heap before
{Heap before GC invocations=45 (full 0):
 garbage-first heap   total 137216K, used 115829K [0x0000000080000000, 0x0000000100000000)
  region size 1024K, 28 young (28672K), 1 survivors (1024K)
 Metaspace       used 70419K, committed 71296K, reserved 491520K
  class space    used 9981K, committed 10368K, reserved 425984K
}

