# JRE version: Java(TM) SE Runtime Environment (17.0.12+8) (build 17.0.12+8-LTS-286)
# Java VM: Java HotSpot(TM) 64-Bit Server VM (17.0.12+8-LTS-286, mixed mode, sharing, tiered, compressed oops, compressed class ptrs, g1 gc, windows-amd64)
GC Precious Log:
 CPUs: 12 total, 12 available
 Memory: 7860M
 Large Page Support: Disabled
 NUMA Support: Disabled
 Compressed Oops: Enabled (32-bit)
 Heap Region Size: 1M
 Heap Min Capacity: 8M
 Heap Initial Capacity: 124M
 Heap Max Capacity: 1966M
 Pre-touch: Disabled
 Parallel Workers: 10
 Concurrent Workers: 3
 Concurrent Refinement Workers: 10
 Periodic GC: Disabled
Heap:
 garbage-first heap   total 228352K, used 142272K [0x0000000085200000, 0x0000000100000000)
  region size 1024K, 93 young (95232K), 1 survivors (1024K)
 Metaspace       used 52646K, committed 52928K, reserved 1114112K
  class space    used 6114K, committed 6272K, reserved 1048576K
GC Heap History (20 events):
Event: 29.788 GC heap before
{Heap before GC invocations=7 (full 0):
 garbage-first heap   total 55296K, used 42758K [0x0000000085200000, 0x0000000100000000)
  region size 1024K, 23 young (23552K), 3 survivors (3072K)
 Metaspace       used 34637K, committed 34880K, reserved 1114112K
  class space    used 4236K, committed 4352K, reserved 1048576K
}
Event: 29.841 GC heap after
{Heap after GC invocations=8 (full 0):
 garbage-first heap   total 55296K, used 25312K [0x0000000085200000, 0x0000000100000000)
  region size 1024K, 3 young (3072K), 3 survivors (3072K)
 Metaspace       used 34637K, committed 34880K, reserved 1114112K
  class space    used 4236K, committed 4352K, reserved 1048576K
}
Event: 30.805 GC heap before
{Heap before GC invocations=8 (full 0):
 garbage-first heap   total 55296K, used 32480K [0x0000000085200000, 0x0000000100000000)
  region size 1024K, 12 young (12288K), 3 survivors (3072K)
 Metaspace       used 35772K, committed 35968K, reserved 1114112K
  class space    used 4351K, committed 4480K, reserved 1048576K
}
Event: 30.823 GC heap after
{Heap after GC invocations=9 (full 0):
 garbage-first heap   total 55296K, used 27002K [0x0000000085200000, 0x0000000100000000)
  region size 1024K, 2 young (2048K), 2 survivors (2048K)
 Metaspace       used 35772K, committed 35968K, reserved 1114112K
  class space    used 4351K, committed 4480K, reserved 1048576K
}
Event: 32.119 GC heap before
{Heap before GC invocations=10 (full 0):
 garbage-first heap   total 55296K, used 41338K [0x0000000085200000, 0x0000000100000000)
  region size 1024K, 16 young (16384K), 2 survivors (2048K)
 Metaspace       used 37106K, committed 37440K, reserved 1114112K
  class space    used 4503K, committed 4672K, reserved 1048576K
}
Event: 32.138 GC heap after
{Heap after GC invocations=11 (full 0):
 garbage-first heap   total 55296K, used 29696K [0x0000000085200000, 0x0000000100000000)
  region size 1024K, 2 young (2048K), 2 survivors (2048K)
 Metaspace       used 37106K, committed 37440K, reserved 1114112K
  class space    used 4503K, committed 4672K, reserved 1048576K
}
Event: 32.141 GC heap before
{Heap before GC invocations=11 (full 0):
 garbage-first heap   total 55296K, used 30720K [0x0000000085200000, 0x0000000100000000)
  region size 1024K, 3 young (3072K), 2 survivors (2048K)
 Metaspace       used 37106K, committed 37440K, reserved 1114112K
  class space    used 4503K, committed 4672K, reserved 1048576K
}
Event: 32.240 GC heap after
{Heap after GC invocations=12 (full 0):
 garbage-first heap   total 79872K, used 29667K [0x0000000085200000, 0x0000000100000000)
  region size 1024K, 1 young (1024K), 1 survivors (1024K)
 Metaspace       used 37106K, committed 37440K, reserved 1114112K
  class space    used 4503K, committed 4672K, reserved 1048576K
}
Event: 35.244 GC heap before
{Heap before GC invocations=12 (full 0):
 garbage-first heap   total 79872K, used 57315K [0x0000000085200000, 0x0000000100000000)
  region size 1024K, 28 young (28672K), 1 survivors (1024K)
 Metaspace       used 39113K, committed 39424K, reserved 1114112K
  class space    used 4711K, committed 4864K, reserved 1048576K
}
Event: 35.353 GC heap after
{Heap after GC invocations=13 (full 0):
 garbage-first heap   total 79872K, used 33647K [0x0000000085200000, 0x0000000100000000)
  region size 1024K, 4 young (4096K), 4 survivors (4096K)
 Metaspace       used 39113K, committed 39424K, reserved 1114112K
  class space    used 4711K, committed 4864K, reserved 1048576K
}
Event: 38.645 GC heap before
{Heap before GC invocations=13 (full 0):
 garbage-first heap   total 79872K, used 58223K [0x0000000085200000, 0x0000000100000000)
  region size 1024K, 29 young (29696K), 4 survivors (4096K)
 Metaspace       used 43628K, committed 43904K, reserved 1114112K
  class space    used 5317K, committed 5440K, reserved 1048576K
}
Event: 38.670 GC heap after
{Heap after GC invocations=14 (full 0):
 garbage-first heap   total 79872K, used 36588K [0x0000000085200000, 0x0000000100000000)
  region size 1024K, 3 young (3072K), 3 survivors (3072K)
 Metaspace       used 43628K, committed 43904K, reserved 1114112K
  class space    used 5317K, committed 5440K, reserved 1048576K
}
Event: 42.164 GC heap before
{Heap before GC invocations=14 (full 0):
 garbage-first heap   total 79872K, used 61164K [0x0000000085200000, 0x0000000100000000)
  region size 1024K, 27 young (27648K), 3 survivors (3072K)
 Metaspace       used 46162K, committed 46464K, reserved 1114112K
  class space    used 5569K, committed 5696K, reserved 1048576K
}
Event: 42.208 GC heap after
{Heap after GC invocations=15 (full 0):
 garbage-first heap   total 79872K, used 41573K [0x0000000085200000, 0x0000000100000000)
  region size 1024K, 4 young (4096K), 4 survivors (4096K)
 Metaspace       used 46162K, committed 46464K, reserved 1114112K
  class space    used 5569K, committed 5696K, reserved 1048576K
}
Event: 44.617 GC heap before
{Heap before GC invocations=15 (full 0):
 garbage-first heap   total 79872K, used 61029K [0x0000000085200000, 0x0000000100000000)
  region size 1024K, 23 young (23552K), 4 survivors (4096K)
 Metaspace       used 48030K, committed 48320K, reserved 1114112K
  class space    used 5762K, committed 5888K, reserved 1048576K
}
Event: 44.673 GC heap after
{Heap after GC invocations=16 (full 0):
 garbage-first heap   total 79872K, used 45406K [0x0000000085200000, 0x0000000100000000)
  region size 1024K, 3 young (3072K), 3 survivors (3072K)
 Metaspace       used 48030K, committed 48320K, reserved 1114112K
  class space    used 5762K, committed 5888K, reserved 1048576K
}
Event: 46.546 GC heap before
{Heap before GC invocations=17 (full 0):
 garbage-first heap   total 79872K, used 61790K [0x0000000085200000, 0x0000000100000000)
  region size 1024K, 19 young (19456K), 3 survivors (3072K)
 Metaspace       used 48300K, committed 48576K, reserved 1114112K
  class space    used 5762K, committed 5888K, reserved 1048576K
}
Event: 46.574 GC heap after
{Heap after GC invocations=18 (full 0):
 garbage-first heap   total 79872K, used 48972K [0x0000000085200000, 0x0000000100000000)
  region size 1024K, 3 young (3072K), 3 survivors (3072K)
 Metaspace       used 48300K, committed 48576K, reserved 1114112K
  class space    used 5762K, committed 5888K, reserved 1048576K
}
Event: 46.753 GC heap before
{Heap before GC invocations=18 (full 0):
 garbage-first heap   total 79872K, used 49996K [0x0000000085200000, 0x0000000100000000)
  region size 1024K, 4 young (4096K), 3 survivors (3072K)
 Metaspace       used 48303K, committed 48576K, reserved 1114112K
  class space    used 5762K, committed 5888K, reserved 1048576K
}
Event: 46.780 GC heap after
{Heap after GC invocations=19 (full 0):
 garbage-first heap   total 228352K, used 49088K [0x0000000085200000, 0x0000000100000000)
  region size 1024K, 1 young (1024K), 1 survivors (1024K)
 Metaspace       used 48303K, committed 48576K, reserved 1114112K
  class space    used 5762K, committed 5888K, reserved 1048576K
}

